Analysis & Synthesis report for blinking
Sun Apr  7 18:06:34 2019
Quartus Prime Version 18.1.0 Build 625 09/12/2018 SJ Lite Edition


---------------------
; Table of Contents ;
---------------------
  1. Legal Notice
  2. Analysis & Synthesis Summary
  3. Analysis & Synthesis Settings
  4. Parallel Compilation
  5. Analysis & Synthesis Source Files Read
  6. Analysis & Synthesis Resource Usage Summary
  7. Analysis & Synthesis Resource Utilization by Entity
  8. Registers Removed During Synthesis
  9. General Register Statistics
 10. Post-Synthesis Netlist Statistics for Top Partition
 11. Elapsed Time Per Partition
 12. Analysis & Synthesis Messages



----------------
; Legal Notice ;
----------------
Copyright (C) 2018  Intel Corporation. All rights reserved.
Your use of Intel Corporation's design tools, logic functions 
and other software and tools, and its AMPP partner logic 
functions, and any output files from any of the foregoing 
(including device programming or simulation files), and any 
associated documentation or information are expressly subject 
to the terms and conditions of the Intel Program License 
Subscription Agreement, the Intel Quartus Prime License Agreement,
the Intel FPGA IP License Agreement, or other applicable license
agreement, including, without limitation, that your use is for
the sole purpose of programming logic devices manufactured by
Intel and sold by Intel or its authorized distributors.  Please
refer to the applicable agreement for further details.



+----------------------------------------------------------------------------------+
; Analysis & Synthesis Summary                                                     ;
+------------------------------------+---------------------------------------------+
; Analysis & Synthesis Status        ; Successful - Sun Apr  7 18:06:34 2019       ;
; Quartus Prime Version              ; 18.1.0 Build 625 09/12/2018 SJ Lite Edition ;
; Revision Name                      ; blinking                                    ;
; Top-level Entity Name              ; DE0_Nano                                    ;
; Family                             ; Cyclone IV E                                ;
; Total logic elements               ; 38                                          ;
;     Total combinational functions  ; 30                                          ;
;     Dedicated logic registers      ; 38                                          ;
; Total registers                    ; 38                                          ;
; Total pins                         ; 154                                         ;
; Total virtual pins                 ; 0                                           ;
; Total memory bits                  ; 0                                           ;
; Embedded Multiplier 9-bit elements ; 0                                           ;
; Total PLLs                         ; 0                                           ;
+------------------------------------+---------------------------------------------+


+------------------------------------------------------------------------------------------------------------+
; Analysis & Synthesis Settings                                                                              ;
+------------------------------------------------------------------+--------------------+--------------------+
; Option                                                           ; Setting            ; Default Value      ;
+------------------------------------------------------------------+--------------------+--------------------+
; Device                                                           ; EP4CE22F17C6       ;                    ;
; Top-level entity name                                            ; DE0_Nano           ; blinking           ;
; Family name                                                      ; Cyclone IV E       ; Cyclone V          ;
; Use smart compilation                                            ; Off                ; Off                ;
; Enable parallel Assembler and Timing Analyzer during compilation ; On                 ; On                 ;
; Enable compact report table                                      ; Off                ; Off                ;
; Restructure Multiplexers                                         ; Auto               ; Auto               ;
; Create Debugging Nodes for IP Cores                              ; Off                ; Off                ;
; Preserve fewer node names                                        ; On                 ; On                 ;
; Intel FPGA IP Evaluation Mode                                    ; Enable             ; Enable             ;
; Verilog Version                                                  ; Verilog_2001       ; Verilog_2001       ;
; VHDL Version                                                     ; VHDL_1993          ; VHDL_1993          ;
; State Machine Processing                                         ; Auto               ; Auto               ;
; Safe State Machine                                               ; Off                ; Off                ;
; Extract Verilog State Machines                                   ; On                 ; On                 ;
; Extract VHDL State Machines                                      ; On                 ; On                 ;
; Ignore Verilog initial constructs                                ; Off                ; Off                ;
; Iteration limit for constant Verilog loops                       ; 5000               ; 5000               ;
; Iteration limit for non-constant Verilog loops                   ; 250                ; 250                ;
; Add Pass-Through Logic to Inferred RAMs                          ; On                 ; On                 ;
; Infer RAMs from Raw Logic                                        ; On                 ; On                 ;
; Parallel Synthesis                                               ; On                 ; On                 ;
; DSP Block Balancing                                              ; Auto               ; Auto               ;
; NOT Gate Push-Back                                               ; On                 ; On                 ;
; Power-Up Don't Care                                              ; On                 ; On                 ;
; Remove Redundant Logic Cells                                     ; Off                ; Off                ;
; Remove Duplicate Registers                                       ; On                 ; On                 ;
; Ignore CARRY Buffers                                             ; Off                ; Off                ;
; Ignore CASCADE Buffers                                           ; Off                ; Off                ;
; Ignore GLOBAL Buffers                                            ; Off                ; Off                ;
; Ignore ROW GLOBAL Buffers                                        ; Off                ; Off                ;
; Ignore LCELL Buffers                                             ; Off                ; Off                ;
; Ignore SOFT Buffers                                              ; On                 ; On                 ;
; Limit AHDL Integers to 32 Bits                                   ; Off                ; Off                ;
; Optimization Technique                                           ; Balanced           ; Balanced           ;
; Carry Chain Length                                               ; 70                 ; 70                 ;
; Auto Carry Chains                                                ; On                 ; On                 ;
; Auto Open-Drain Pins                                             ; On                 ; On                 ;
; Perform WYSIWYG Primitive Resynthesis                            ; Off                ; Off                ;
; Auto ROM Replacement                                             ; On                 ; On                 ;
; Auto RAM Replacement                                             ; On                 ; On                 ;
; Auto DSP Block Replacement                                       ; On                 ; On                 ;
; Auto Shift Register Replacement                                  ; Auto               ; Auto               ;
; Allow Shift Register Merging across Hierarchies                  ; Auto               ; Auto               ;
; Auto Clock Enable Replacement                                    ; On                 ; On                 ;
; Strict RAM Replacement                                           ; Off                ; Off                ;
; Allow Synchronous Control Signals                                ; On                 ; On                 ;
; Force Use of Synchronous Clear Signals                           ; Off                ; Off                ;
; Auto RAM Block Balancing                                         ; On                 ; On                 ;
; Auto RAM to Logic Cell Conversion                                ; Off                ; Off                ;
; Auto Resource Sharing                                            ; Off                ; Off                ;
; Allow Any RAM Size For Recognition                               ; Off                ; Off                ;
; Allow Any ROM Size For Recognition                               ; Off                ; Off                ;
; Allow Any Shift Register Size For Recognition                    ; Off                ; Off                ;
; Use LogicLock Constraints during Resource Balancing              ; On                 ; On                 ;
; Ignore translate_off and synthesis_off directives                ; Off                ; Off                ;
; Timing-Driven Synthesis                                          ; On                 ; On                 ;
; Report Parameter Settings                                        ; On                 ; On                 ;
; Report Source Assignments                                        ; On                 ; On                 ;
; Report Connectivity Checks                                       ; On                 ; On                 ;
; Ignore Maximum Fan-Out Assignments                               ; Off                ; Off                ;
; Synchronization Register Chain Length                            ; 2                  ; 2                  ;
; Power Optimization During Synthesis                              ; Normal compilation ; Normal compilation ;
; HDL message level                                                ; Level2             ; Level2             ;
; Suppress Register Optimization Related Messages                  ; Off                ; Off                ;
; Number of Removed Registers Reported in Synthesis Report         ; 5000               ; 5000               ;
; Number of Swept Nodes Reported in Synthesis Report               ; 5000               ; 5000               ;
; Number of Inverted Registers Reported in Synthesis Report        ; 100                ; 100                ;
; Clock MUX Protection                                             ; On                 ; On                 ;
; Auto Gated Clock Conversion                                      ; Off                ; Off                ;
; Block Design Naming                                              ; Auto               ; Auto               ;
; SDC constraint protection                                        ; Off                ; Off                ;
; Synthesis Effort                                                 ; Auto               ; Auto               ;
; Shift Register Replacement - Allow Asynchronous Clear Signal     ; On                 ; On                 ;
; Pre-Mapping Resynthesis Optimization                             ; Off                ; Off                ;
; Analysis & Synthesis Message Level                               ; Medium             ; Medium             ;
; Disable Register Merging Across Hierarchies                      ; Auto               ; Auto               ;
; Resource Aware Inference For Block RAM                           ; On                 ; On                 ;
+------------------------------------------------------------------+--------------------+--------------------+


+------------------------------------------+
; Parallel Compilation                     ;
+----------------------------+-------------+
; Processors                 ; Number      ;
+----------------------------+-------------+
; Number detected on machine ; 4           ;
; Maximum allowed            ; 2           ;
;                            ;             ;
; Average used               ; 1.00        ;
; Maximum used               ; 2           ;
;                            ;             ;
; Usage by Processor         ; % Time Used ;
;     Processor 1            ; 100.0%      ;
;     Processor 2            ;   0.0%      ;
+----------------------------+-------------+


+-----------------------------------------------------------------------------------------------------------------------------+
; Analysis & Synthesis Source Files Read                                                                                      ;
+----------------------------------+-----------------+------------------------------+-------------------------------+---------+
; File Name with User-Entered Path ; Used in Netlist ; File Type                    ; File Name with Absolute Path  ; Library ;
+----------------------------------+-----------------+------------------------------+-------------------------------+---------+
; ../DE0_Nano.v                    ; yes             ; User Verilog HDL File        ; /home/ggl/fpga_src/DE0_Nano.v ;         ;
; blinking.v                       ; yes             ; Auto-Found Verilog HDL File  ; /home/ggl/fpga_src/blinking.v ;         ;
+----------------------------------+-----------------+------------------------------+-------------------------------+---------+


+--------------------------------------------------------------+
; Analysis & Synthesis Resource Usage Summary                  ;
+---------------------------------------------+----------------+
; Resource                                    ; Usage          ;
+---------------------------------------------+----------------+
; Estimated Total logic elements              ; 38             ;
;                                             ;                ;
; Total combinational functions               ; 30             ;
; Logic element usage by number of LUT inputs ;                ;
;     -- 4 input functions                    ; 0              ;
;     -- 3 input functions                    ; 1              ;
;     -- <=2 input functions                  ; 29             ;
;                                             ;                ;
; Logic elements by mode                      ;                ;
;     -- normal mode                          ; 2              ;
;     -- arithmetic mode                      ; 28             ;
;                                             ;                ;
; Total registers                             ; 38             ;
;     -- Dedicated logic registers            ; 38             ;
;     -- I/O registers                        ; 0              ;
;                                             ;                ;
; I/O pins                                    ; 154            ;
;                                             ;                ;
; Embedded Multiplier 9-bit elements          ; 0              ;
;                                             ;                ;
; Maximum fan-out node                        ; CLOCK_50~input ;
; Maximum fan-out                             ; 38             ;
; Total fan-out                               ; 395            ;
; Average fan-out                             ; 0.83           ;
+---------------------------------------------+----------------+


+--------------------------------------------------------------------------------------------------------------------------------------------------------------------------------------------------------------------+
; Analysis & Synthesis Resource Utilization by Entity                                                                                                                                                                ;
+----------------------------+---------------------+---------------------------+-------------+--------------+---------+-----------+------+--------------+-------------------------------+-------------+--------------+
; Compilation Hierarchy Node ; Combinational ALUTs ; Dedicated Logic Registers ; Memory Bits ; DSP Elements ; DSP 9x9 ; DSP 18x18 ; Pins ; Virtual Pins ; Full Hierarchy Name           ; Entity Name ; Library Name ;
+----------------------------+---------------------+---------------------------+-------------+--------------+---------+-----------+------+--------------+-------------------------------+-------------+--------------+
; |DE0_Nano                  ; 30 (0)              ; 38 (0)                    ; 0           ; 0            ; 0       ; 0         ; 154  ; 0            ; |DE0_Nano                     ; DE0_Nano    ; work         ;
;    |blinking:blinking_a|   ; 30 (30)             ; 38 (38)                   ; 0           ; 0            ; 0       ; 0         ; 0    ; 0            ; |DE0_Nano|blinking:blinking_a ; blinking    ; work         ;
+----------------------------+---------------------+---------------------------+-------------+--------------+---------+-----------+------+--------------+-------------------------------+-------------+--------------+
Note: For table entries with two numbers listed, the numbers in parentheses indicate the number of resources of the given type used by the specific entity alone. The numbers listed outside of parentheses indicate the total resources of the given type used by the specific entity and all of its sub-entities in the hierarchy.


+------------------------------------------------------------+
; Registers Removed During Synthesis                         ;
+---------------------------------------+--------------------+
; Register name                         ; Reason for Removal ;
+---------------------------------------+--------------------+
; blinking:blinking_a|counter[30..32]   ; Lost fanout        ;
; Total Number of Removed Registers = 3 ;                    ;
+---------------------------------------+--------------------+


+------------------------------------------------------+
; General Register Statistics                          ;
+----------------------------------------------+-------+
; Statistic                                    ; Value ;
+----------------------------------------------+-------+
; Total registers                              ; 38    ;
; Number of registers using Synchronous Clear  ; 0     ;
; Number of registers using Synchronous Load   ; 0     ;
; Number of registers using Asynchronous Clear ; 0     ;
; Number of registers using Asynchronous Load  ; 0     ;
; Number of registers using Clock Enable       ; 0     ;
; Number of registers using Preset             ; 0     ;
+----------------------------------------------+-------+


+-----------------------------------------------------+
; Post-Synthesis Netlist Statistics for Top Partition ;
+-----------------------+-----------------------------+
; Type                  ; Count                       ;
+-----------------------+-----------------------------+
; boundary_port         ; 154                         ;
; cycloneiii_ff         ; 38                          ;
;     plain             ; 38                          ;
; cycloneiii_io_obuf    ; 98                          ;
; cycloneiii_lcell_comb ; 31                          ;
;     arith             ; 28                          ;
;         2 data inputs ; 27                          ;
;         3 data inputs ; 1                           ;
;     normal            ; 3                           ;
;         0 data inputs ; 1                           ;
;         1 data inputs ; 2                           ;
;                       ;                             ;
; Max LUT depth         ; 3.80                        ;
; Average LUT depth     ; 1.28                        ;
+-----------------------+-----------------------------+


+-------------------------------+
; Elapsed Time Per Partition    ;
+----------------+--------------+
; Partition Name ; Elapsed Time ;
+----------------+--------------+
; Top            ; 00:00:00     ;
+----------------+--------------+


+-------------------------------+
; Analysis & Synthesis Messages ;
+-------------------------------+
Info: *******************************************************************
Info: Running Quartus Prime Analysis & Synthesis
    Info: Version 18.1.0 Build 625 09/12/2018 SJ Lite Edition
    Info: Processing started: Sun Apr  7 18:06:20 2019
Info: Command: quartus_map --read_settings_files=on --write_settings_files=off blinking -c blinking
Warning (18236): Number of processors has not been specified which may cause overloading on shared machines.  Set the global assignment NUM_PARALLEL_PROCESSORS in your QSF to an appropriate value for best performance.
Info (20030): Parallel compilation is enabled and will use 2 of the 2 processors detected
Info (12021): Found 1 design units, including 1 entities, in source file DE0_Nano.v
    Info (12023): Found entity 1: DE0_Nano File: /home/ggl/fpga_src/DE0_Nano.v Line: 6
Info (12127): Elaborating entity "DE0_Nano" for the top level hierarchy
Warning (10034): Output port "DRAM_ADDR" at DE0_Nano.v(112) has no driver File: /home/ggl/fpga_src/DE0_Nano.v Line: 112
Warning (10034): Output port "DRAM_BA" at DE0_Nano.v(113) has no driver File: /home/ggl/fpga_src/DE0_Nano.v Line: 113
Warning (10034): Output port "DRAM_DQM" at DE0_Nano.v(119) has no driver File: /home/ggl/fpga_src/DE0_Nano.v Line: 119
Warning (10034): Output port "DRAM_CAS_N" at DE0_Nano.v(114) has no driver File: /home/ggl/fpga_src/DE0_Nano.v Line: 114
Warning (10034): Output port "DRAM_CKE" at DE0_Nano.v(115) has no driver File: /home/ggl/fpga_src/DE0_Nano.v Line: 115
Warning (10034): Output port "DRAM_CLK" at DE0_Nano.v(116) has no driver File: /home/ggl/fpga_src/DE0_Nano.v Line: 116
Warning (10034): Output port "DRAM_CS_N" at DE0_Nano.v(117) has no driver File: /home/ggl/fpga_src/DE0_Nano.v Line: 117
Warning (10034): Output port "DRAM_RAS_N" at DE0_Nano.v(120) has no driver File: /home/ggl/fpga_src/DE0_Nano.v Line: 120
Warning (10034): Output port "DRAM_WE_N" at DE0_Nano.v(121) has no driver File: /home/ggl/fpga_src/DE0_Nano.v Line: 121
Warning (10034): Output port "EPCS_ASDO" at DE0_Nano.v(127) has no driver File: /home/ggl/fpga_src/DE0_Nano.v Line: 127
Warning (10034): Output port "EPCS_DCLK" at DE0_Nano.v(129) has no driver File: /home/ggl/fpga_src/DE0_Nano.v Line: 129
Warning (10034): Output port "EPCS_NCSO" at DE0_Nano.v(130) has no driver File: /home/ggl/fpga_src/DE0_Nano.v Line: 130
Warning (10034): Output port "G_SENSOR_CS_N" at DE0_Nano.v(136) has no driver File: /home/ggl/fpga_src/DE0_Nano.v Line: 136
Warning (10034): Output port "I2C_SCLK" at DE0_Nano.v(138) has no driver File: /home/ggl/fpga_src/DE0_Nano.v Line: 138
Warning (10034): Output port "ADC_CS_N" at DE0_Nano.v(145) has no driver File: /home/ggl/fpga_src/DE0_Nano.v Line: 145
Warning (10034): Output port "ADC_SADDR" at DE0_Nano.v(146) has no driver File: /home/ggl/fpga_src/DE0_Nano.v Line: 146
Warning (10034): Output port "ADC_SCLK" at DE0_Nano.v(147) has no driver File: /home/ggl/fpga_src/DE0_Nano.v Line: 147
Warning (12125): Using design file blinking.v, which is not specified as a design file for the current project, but contains definitions for 1 design units and 1 entities in project
    Info (12023): Found entity 1: blinking File: /home/ggl/fpga_src/blinking.v Line: 4
Info (12128): Elaborating entity "blinking" for hierarchy "blinking:blinking_a" File: /home/ggl/fpga_src/DE0_Nano.v Line: 185
Warning (13039): The following bidirectional pins have no drivers
    Warning (13040): bidirectional pin "DRAM_DQ[0]" has no driver File: /home/ggl/fpga_src/DE0_Nano.v Line: 118
    Warning (13040): bidirectional pin "DRAM_DQ[1]" has no driver File: /home/ggl/fpga_src/DE0_Nano.v Line: 118
    Warning (13040): bidirectional pin "DRAM_DQ[2]" has no driver File: /home/ggl/fpga_src/DE0_Nano.v Line: 118
    Warning (13040): bidirectional pin "DRAM_DQ[3]" has no driver File: /home/ggl/fpga_src/DE0_Nano.v Line: 118
    Warning (13040): bidirectional pin "DRAM_DQ[4]" has no driver File: /home/ggl/fpga_src/DE0_Nano.v Line: 118
    Warning (13040): bidirectional pin "DRAM_DQ[5]" has no driver File: /home/ggl/fpga_src/DE0_Nano.v Line: 118
    Warning (13040): bidirectional pin "DRAM_DQ[6]" has no driver File: /home/ggl/fpga_src/DE0_Nano.v Line: 118
    Warning (13040): bidirectional pin "DRAM_DQ[7]" has no driver File: /home/ggl/fpga_src/DE0_Nano.v Line: 118
    Warning (13040): bidirectional pin "DRAM_DQ[8]" has no driver File: /home/ggl/fpga_src/DE0_Nano.v Line: 118
    Warning (13040): bidirectional pin "DRAM_DQ[9]" has no driver File: /home/ggl/fpga_src/DE0_Nano.v Line: 118
    Warning (13040): bidirectional pin "DRAM_DQ[10]" has no driver File: /home/ggl/fpga_src/DE0_Nano.v Line: 118
    Warning (13040): bidirectional pin "DRAM_DQ[11]" has no driver File: /home/ggl/fpga_src/DE0_Nano.v Line: 118
    Warning (13040): bidirectional pin "DRAM_DQ[12]" has no driver File: /home/ggl/fpga_src/DE0_Nano.v Line: 118
    Warning (13040): bidirectional pin "DRAM_DQ[13]" has no driver File: /home/ggl/fpga_src/DE0_Nano.v Line: 118
    Warning (13040): bidirectional pin "DRAM_DQ[14]" has no driver File: /home/ggl/fpga_src/DE0_Nano.v Line: 118
    Warning (13040): bidirectional pin "DRAM_DQ[15]" has no driver File: /home/ggl/fpga_src/DE0_Nano.v Line: 118
    Warning (13040): bidirectional pin "I2C_SDAT" has no driver File: /home/ggl/fpga_src/DE0_Nano.v Line: 139
    Warning (13040): bidirectional pin "GPIO_2[0]" has no driver File: /home/ggl/fpga_src/DE0_Nano.v Line: 154
    Warning (13040): bidirectional pin "GPIO_2[1]" has no driver File: /home/ggl/fpga_src/DE0_Nano.v Line: 154
    Warning (13040): bidirectional pin "GPIO_2[2]" has no driver File: /home/ggl/fpga_src/DE0_Nano.v Line: 154
    Warning (13040): bidirectional pin "GPIO_2[3]" has no driver File: /home/ggl/fpga_src/DE0_Nano.v Line: 154
    Warning (13040): bidirectional pin "GPIO_2[4]" has no driver File: /home/ggl/fpga_src/DE0_Nano.v Line: 154
    Warning (13040): bidirectional pin "GPIO_2[5]" has no driver File: /home/ggl/fpga_src/DE0_Nano.v Line: 154
    Warning (13040): bidirectional pin "GPIO_2[6]" has no driver File: /home/ggl/fpga_src/DE0_Nano.v Line: 154
    Warning (13040): bidirectional pin "GPIO_2[7]" has no driver File: /home/ggl/fpga_src/DE0_Nano.v Line: 154
    Warning (13040): bidirectional pin "GPIO_2[8]" has no driver File: /home/ggl/fpga_src/DE0_Nano.v Line: 154
    Warning (13040): bidirectional pin "GPIO_2[9]" has no driver File: /home/ggl/fpga_src/DE0_Nano.v Line: 154
    Warning (13040): bidirectional pin "GPIO_2[10]" has no driver File: /home/ggl/fpga_src/DE0_Nano.v Line: 154
    Warning (13040): bidirectional pin "GPIO_2[11]" has no driver File: /home/ggl/fpga_src/DE0_Nano.v Line: 154
    Warning (13040): bidirectional pin "GPIO_2[12]" has no driver File: /home/ggl/fpga_src/DE0_Nano.v Line: 154
    Warning (13040): bidirectional pin "GPIO_0[0]" has no driver File: /home/ggl/fpga_src/DE0_Nano.v Line: 161
    Warning (13040): bidirectional pin "GPIO_0[1]" has no driver File: /home/ggl/fpga_src/DE0_Nano.v Line: 161
    Warning (13040): bidirectional pin "GPIO_0[2]" has no driver File: /home/ggl/fpga_src/DE0_Nano.v Line: 161
    Warning (13040): bidirectional pin "GPIO_0[3]" has no driver File: /home/ggl/fpga_src/DE0_Nano.v Line: 161
    Warning (13040): bidirectional pin "GPIO_0[4]" has no driver File: /home/ggl/fpga_src/DE0_Nano.v Line: 161
    Warning (13040): bidirectional pin "GPIO_0[5]" has no driver File: /home/ggl/fpga_src/DE0_Nano.v Line: 161
    Warning (13040): bidirectional pin "GPIO_0[6]" has no driver File: /home/ggl/fpga_src/DE0_Nano.v Line: 161
    Warning (13040): bidirectional pin "GPIO_0[7]" has no driver File: /home/ggl/fpga_src/DE0_Nano.v Line: 161
    Warning (13040): bidirectional pin "GPIO_0[8]" has no driver File: /home/ggl/fpga_src/DE0_Nano.v Line: 161
    Warning (13040): bidirectional pin "GPIO_0[9]" has no driver File: /home/ggl/fpga_src/DE0_Nano.v Line: 161
    Warning (13040): bidirectional pin "GPIO_0[10]" has no driver File: /home/ggl/fpga_src/DE0_Nano.v Line: 161
    Warning (13040): bidirectional pin "GPIO_0[11]" has no driver File: /home/ggl/fpga_src/DE0_Nano.v Line: 161
    Warning (13040): bidirectional pin "GPIO_0[12]" has no driver File: /home/ggl/fpga_src/DE0_Nano.v Line: 161
    Warning (13040): bidirectional pin "GPIO_0[13]" has no driver File: /home/ggl/fpga_src/DE0_Nano.v Line: 161
    Warning (13040): bidirectional pin "GPIO_0[14]" has no driver File: /home/ggl/fpga_src/DE0_Nano.v Line: 161
    Warning (13040): bidirectional pin "GPIO_0[15]" has no driver File: /home/ggl/fpga_src/DE0_Nano.v Line: 161
    Warning (13040): bidirectional pin "GPIO_0[16]" has no driver File: /home/ggl/fpga_src/DE0_Nano.v Line: 161
    Warning (13040): bidirectional pin "GPIO_0[17]" has no driver File: /home/ggl/fpga_src/DE0_Nano.v Line: 161
    Warning (13040): bidirectional pin "GPIO_0[18]" has no driver File: /home/ggl/fpga_src/DE0_Nano.v Line: 161
    Warning (13040): bidirectional pin "GPIO_0[19]" has no driver File: /home/ggl/fpga_src/DE0_Nano.v Line: 161
    Warning (13040): bidirectional pin "GPIO_0[20]" has no driver File: /home/ggl/fpga_src/DE0_Nano.v Line: 161
    Warning (13040): bidirectional pin "GPIO_0[21]" has no driver File: /home/ggl/fpga_src/DE0_Nano.v Line: 161
    Warning (13040): bidirectional pin "GPIO_0[22]" has no driver File: /home/ggl/fpga_src/DE0_Nano.v Line: 161
    Warning (13040): bidirectional pin "GPIO_0[23]" has no driver File: /home/ggl/fpga_src/DE0_Nano.v Line: 161
    Warning (13040): bidirectional pin "GPIO_0[24]" has no driver File: /home/ggl/fpga_src/DE0_Nano.v Line: 161
    Warning (13040): bidirectional pin "GPIO_0[25]" has no driver File: /home/ggl/fpga_src/DE0_Nano.v Line: 161
    Warning (13040): bidirectional pin "GPIO_0[26]" has no driver File: /home/ggl/fpga_src/DE0_Nano.v Line: 161
    Warning (13040): bidirectional pin "GPIO_0[27]" has no driver File: /home/ggl/fpga_src/DE0_Nano.v Line: 161
    Warning (13040): bidirectional pin "GPIO_0[28]" has no driver File: /home/ggl/fpga_src/DE0_Nano.v Line: 161
    Warning (13040): bidirectional pin "GPIO_0[29]" has no driver File: /home/ggl/fpga_src/DE0_Nano.v Line: 161
    Warning (13040): bidirectional pin "GPIO_0[30]" has no driver File: /home/ggl/fpga_src/DE0_Nano.v Line: 161
    Warning (13040): bidirectional pin "GPIO_0[31]" has no driver File: /home/ggl/fpga_src/DE0_Nano.v Line: 161
    Warning (13040): bidirectional pin "GPIO_0[32]" has no driver File: /home/ggl/fpga_src/DE0_Nano.v Line: 161
    Warning (13040): bidirectional pin "GPIO_0[33]" has no driver File: /home/ggl/fpga_src/DE0_Nano.v Line: 161
    Warning (13040): bidirectional pin "GPIO_1[0]" has no driver File: /home/ggl/fpga_src/DE0_Nano.v Line: 168
    Warning (13040): bidirectional pin "GPIO_1[1]" has no driver File: /home/ggl/fpga_src/DE0_Nano.v Line: 168
    Warning (13040): bidirectional pin "GPIO_1[2]" has no driver File: /home/ggl/fpga_src/DE0_Nano.v Line: 168
    Warning (13040): bidirectional pin "GPIO_1[3]" has no driver File: /home/ggl/fpga_src/DE0_Nano.v Line: 168
    Warning (13040): bidirectional pin "GPIO_1[4]" has no driver File: /home/ggl/fpga_src/DE0_Nano.v Line: 168
    Warning (13040): bidirectional pin "GPIO_1[5]" has no driver File: /home/ggl/fpga_src/DE0_Nano.v Line: 168
    Warning (13040): bidirectional pin "GPIO_1[6]" has no driver File: /home/ggl/fpga_src/DE0_Nano.v Line: 168
    Warning (13040): bidirectional pin "GPIO_1[7]" has no driver File: /home/ggl/fpga_src/DE0_Nano.v Line: 168
    Warning (13040): bidirectional pin "GPIO_1[8]" has no driver File: /home/ggl/fpga_src/DE0_Nano.v Line: 168
    Warning (13040): bidirectional pin "GPIO_1[9]" has no driver File: /home/ggl/fpga_src/DE0_Nano.v Line: 168
    Warning (13040): bidirectional pin "GPIO_1[10]" has no driver File: /home/ggl/fpga_src/DE0_Nano.v Line: 168
    Warning (13040): bidirectional pin "GPIO_1[11]" has no driver File: /home/ggl/fpga_src/DE0_Nano.v Line: 168
    Warning (13040): bidirectional pin "GPIO_1[12]" has no driver File: /home/ggl/fpga_src/DE0_Nano.v Line: 168
    Warning (13040): bidirectional pin "GPIO_1[13]" has no driver File: /home/ggl/fpga_src/DE0_Nano.v Line: 168
    Warning (13040): bidirectional pin "GPIO_1[14]" has no driver File: /home/ggl/fpga_src/DE0_Nano.v Line: 168
    Warning (13040): bidirectional pin "GPIO_1[15]" has no driver File: /home/ggl/fpga_src/DE0_Nano.v Line: 168
    Warning (13040): bidirectional pin "GPIO_1[16]" has no driver File: /home/ggl/fpga_src/DE0_Nano.v Line: 168
    Warning (13040): bidirectional pin "GPIO_1[17]" has no driver File: /home/ggl/fpga_src/DE0_Nano.v Line: 168
    Warning (13040): bidirectional pin "GPIO_1[18]" has no driver File: /home/ggl/fpga_src/DE0_Nano.v Line: 168
    Warning (13040): bidirectional pin "GPIO_1[19]" has no driver File: /home/ggl/fpga_src/DE0_Nano.v Line: 168
    Warning (13040): bidirectional pin "GPIO_1[20]" has no driver File: /home/ggl/fpga_src/DE0_Nano.v Line: 168
    Warning (13040): bidirectional pin "GPIO_1[21]" has no driver File: /home/ggl/fpga_src/DE0_Nano.v Line: 168
    Warning (13040): bidirectional pin "GPIO_1[22]" has no driver File: /home/ggl/fpga_src/DE0_Nano.v Line: 168
    Warning (13040): bidirectional pin "GPIO_1[23]" has no driver File: /home/ggl/fpga_src/DE0_Nano.v Line: 168
    Warning (13040): bidirectional pin "GPIO_1[24]" has no driver File: /home/ggl/fpga_src/DE0_Nano.v Line: 168
    Warning (13040): bidirectional pin "GPIO_1[25]" has no driver File: /home/ggl/fpga_src/DE0_Nano.v Line: 168
    Warning (13040): bidirectional pin "GPIO_1[26]" has no driver File: /home/ggl/fpga_src/DE0_Nano.v Line: 168
    Warning (13040): bidirectional pin "GPIO_1[27]" has no driver File: /home/ggl/fpga_src/DE0_Nano.v Line: 168
    Warning (13040): bidirectional pin "GPIO_1[28]" has no driver File: /home/ggl/fpga_src/DE0_Nano.v Line: 168
    Warning (13040): bidirectional pin "GPIO_1[29]" has no driver File: /home/ggl/fpga_src/DE0_Nano.v Line: 168
    Warning (13040): bidirectional pin "GPIO_1[30]" has no driver File: /home/ggl/fpga_src/DE0_Nano.v Line: 168
    Warning (13040): bidirectional pin "GPIO_1[31]" has no driver File: /home/ggl/fpga_src/DE0_Nano.v Line: 168
    Warning (13040): bidirectional pin "GPIO_1[32]" has no driver File: /home/ggl/fpga_src/DE0_Nano.v Line: 168
    Warning (13040): bidirectional pin "GPIO_1[33]" has no driver File: /home/ggl/fpga_src/DE0_Nano.v Line: 168
Warning (13024): Output pins are stuck at VCC or GND
    Warning (13410): Pin "DRAM_ADDR[0]" is stuck at GND File: /home/ggl/fpga_src/DE0_Nano.v Line: 112
    Warning (13410): Pin "DRAM_ADDR[1]" is stuck at GND File: /home/ggl/fpga_src/DE0_Nano.v Line: 112
    Warning (13410): Pin "DRAM_ADDR[2]" is stuck at GND File: /home/ggl/fpga_src/DE0_Nano.v Line: 112
    Warning (13410): Pin "DRAM_ADDR[3]" is stuck at GND File: /home/ggl/fpga_src/DE0_Nano.v Line: 112
    Warning (13410): Pin "DRAM_ADDR[4]" is stuck at GND File: /home/ggl/fpga_src/DE0_Nano.v Line: 112
    Warning (13410): Pin "DRAM_ADDR[5]" is stuck at GND File: /home/ggl/fpga_src/DE0_Nano.v Line: 112
    Warning (13410): Pin "DRAM_ADDR[6]" is stuck at GND File: /home/ggl/fpga_src/DE0_Nano.v Line: 112
    Warning (13410): Pin "DRAM_ADDR[7]" is stuck at GND File: /home/ggl/fpga_src/DE0_Nano.v Line: 112
    Warning (13410): Pin "DRAM_ADDR[8]" is stuck at GND File: /home/ggl/fpga_src/DE0_Nano.v Line: 112
    Warning (13410): Pin "DRAM_ADDR[9]" is stuck at GND File: /home/ggl/fpga_src/DE0_Nano.v Line: 112
    Warning (13410): Pin "DRAM_ADDR[10]" is stuck at GND File: /home/ggl/fpga_src/DE0_Nano.v Line: 112
    Warning (13410): Pin "DRAM_ADDR[11]" is stuck at GND File: /home/ggl/fpga_src/DE0_Nano.v Line: 112
    Warning (13410): Pin "DRAM_ADDR[12]" is stuck at GND File: /home/ggl/fpga_src/DE0_Nano.v Line: 112
    Warning (13410): Pin "DRAM_BA[0]" is stuck at GND File: /home/ggl/fpga_src/DE0_Nano.v Line: 113
    Warning (13410): Pin "DRAM_BA[1]" is stuck at GND File: /home/ggl/fpga_src/DE0_Nano.v Line: 113
    Warning (13410): Pin "DRAM_CAS_N" is stuck at GND File: /home/ggl/fpga_src/DE0_Nano.v Line: 114
    Warning (13410): Pin "DRAM_CKE" is stuck at GND File: /home/ggl/fpga_src/DE0_Nano.v Line: 115
    Warning (13410): Pin "DRAM_CLK" is stuck at GND File: /home/ggl/fpga_src/DE0_Nano.v Line: 116
    Warning (13410): Pin "DRAM_CS_N" is stuck at GND File: /home/ggl/fpga_src/DE0_Nano.v Line: 117
    Warning (13410): Pin "DRAM_DQM[0]" is stuck at GND File: /home/ggl/fpga_src/DE0_Nano.v Line: 119
    Warning (13410): Pin "DRAM_DQM[1]" is stuck at GND File: /home/ggl/fpga_src/DE0_Nano.v Line: 119
    Warning (13410): Pin "DRAM_RAS_N" is stuck at GND File: /home/ggl/fpga_src/DE0_Nano.v Line: 120
    Warning (13410): Pin "DRAM_WE_N" is stuck at GND File: /home/ggl/fpga_src/DE0_Nano.v Line: 121
    Warning (13410): Pin "EPCS_ASDO" is stuck at GND File: /home/ggl/fpga_src/DE0_Nano.v Line: 127
    Warning (13410): Pin "EPCS_DCLK" is stuck at GND File: /home/ggl/fpga_src/DE0_Nano.v Line: 129
    Warning (13410): Pin "EPCS_NCSO" is stuck at GND File: /home/ggl/fpga_src/DE0_Nano.v Line: 130
    Warning (13410): Pin "G_SENSOR_CS_N" is stuck at GND File: /home/ggl/fpga_src/DE0_Nano.v Line: 136
    Warning (13410): Pin "I2C_SCLK" is stuck at GND File: /home/ggl/fpga_src/DE0_Nano.v Line: 138
    Warning (13410): Pin "ADC_CS_N" is stuck at GND File: /home/ggl/fpga_src/DE0_Nano.v Line: 145
    Warning (13410): Pin "ADC_SADDR" is stuck at GND File: /home/ggl/fpga_src/DE0_Nano.v Line: 146
    Warning (13410): Pin "ADC_SCLK" is stuck at GND File: /home/ggl/fpga_src/DE0_Nano.v Line: 147
Info (286030): Timing-Driven Synthesis is running
Info (17049): 3 registers lost all their fanouts during netlist optimizations.
Info (16010): Generating hard_block partition "hard_block:auto_generated_inst"
    Info (16011): Adding 0 node(s), including 0 DDIO, 0 PLL, 0 transceiver and 0 LCELL
Warning (21074): Design contains 16 input pin(s) that do not drive logic
    Warning (15610): No output dependent on input pin "KEY[0]" File: /home/ggl/fpga_src/DE0_Nano.v Line: 100
    Warning (15610): No output dependent on input pin "KEY[1]" File: /home/ggl/fpga_src/DE0_Nano.v Line: 100
    Warning (15610): No output dependent on input pin "SW[0]" File: /home/ggl/fpga_src/DE0_Nano.v Line: 106
    Warning (15610): No output dependent on input pin "SW[1]" File: /home/ggl/fpga_src/DE0_Nano.v Line: 106
    Warning (15610): No output dependent on input pin "SW[2]" File: /home/ggl/fpga_src/DE0_Nano.v Line: 106
    Warning (15610): No output dependent on input pin "SW[3]" File: /home/ggl/fpga_src/DE0_Nano.v Line: 106
    Warning (15610): No output dependent on input pin "EPCS_DATA0" File: /home/ggl/fpga_src/DE0_Nano.v Line: 128
    Warning (15610): No output dependent on input pin "G_SENSOR_INT" File: /home/ggl/fpga_src/DE0_Nano.v Line: 137
    Warning (15610): No output dependent on input pin "ADC_SDAT" File: /home/ggl/fpga_src/DE0_Nano.v Line: 148
    Warning (15610): No output dependent on input pin "GPIO_2_IN[0]" File: /home/ggl/fpga_src/DE0_Nano.v Line: 155
    Warning (15610): No output dependent on input pin "GPIO_2_IN[1]" File: /home/ggl/fpga_src/DE0_Nano.v Line: 155
    Warning (15610): No output dependent on input pin "GPIO_2_IN[2]" File: /home/ggl/fpga_src/DE0_Nano.v Line: 155
    Warning (15610): No output dependent on input pin "GPIO_0_IN[0]" File: /home/ggl/fpga_src/DE0_Nano.v Line: 162
    Warning (15610): No output dependent on input pin "GPIO_0_IN[1]" File: /home/ggl/fpga_src/DE0_Nano.v Line: 162
    Warning (15610): No output dependent on input pin "GPIO_1_IN[0]" File: /home/ggl/fpga_src/DE0_Nano.v Line: 169
    Warning (15610): No output dependent on input pin "GPIO_1_IN[1]" File: /home/ggl/fpga_src/DE0_Nano.v Line: 169
Info (21057): Implemented 192 device resources after synthesis - the final resource count might be different
    Info (21058): Implemented 17 input pins
    Info (21059): Implemented 39 output pins
    Info (21060): Implemented 98 bidirectional pins
    Info (21061): Implemented 38 logic cells
Info: Quartus Prime Analysis & Synthesis was successful. 0 errors, 167 warnings
    Info: Peak virtual memory: 934 megabytes
    Info: Processing ended: Sun Apr  7 18:06:34 2019
    Info: Elapsed time: 00:00:14
    Info: Total CPU time (on all processors): 00:00:32


